<?xml version="1.0" encoding="UTF-8"?>
<!-- Generated by org.testng.reporters.JUnitReportReporter -->
<testsuite hostname="Yesh" failures="0" tests="1" name="com.qa.api.gorest.tests.GetUserTest" time="2.938" errors="0" timestamp="2021-10-23T18:38:14 PDT" skipped="0">
  <testcase classname="com.qa.api.gorest.tests.GetUserTest" name="getAllUsersTest" time="2.938"/>
</testsuite> <!-- com.qa.api.gorest.tests.GetUserTest -->
