<?xml version="1.0" encoding="UTF-8"?>
<!-- Generated by org.testng.reporters.JUnitReportReporter -->
<testsuite hostname="Yesh" failures="0" tests="1" name="com.qa.api.gorest.util.GenerateToken" time="2.100" errors="0" timestamp="2021-10-23T16:27:31 PDT" skipped="0">
  <testcase classname="com.qa.api.gorest.util.GenerateToken" name="getAccessToken" time="2.100"/>
</testsuite> <!-- com.qa.api.gorest.util.GenerateToken -->
