<?xml version="1.0" encoding="UTF-8"?>
<!-- Generated by org.testng.reporters.JUnitReportReporter -->
<testsuite hostname="Yesh" failures="0" tests="3" name="com.qa.api.gorest.tests.GetImgurAPITest" time="3.295" errors="0" timestamp="2021-10-24T15:29:28 PDT" skipped="0">
  <testcase classname="com.qa.api.gorest.tests.GetImgurAPITest" name="getAccountBlockStatusTest" time="0.404"/>
  <testcase classname="com.qa.api.gorest.tests.GetImgurAPITest" name="uploadImageTest" time="2.460"/>
  <testcase classname="com.qa.api.gorest.tests.GetImgurAPITest" name="getAccountImagesTest" time="0.431"/>
</testsuite> <!-- com.qa.api.gorest.tests.GetImgurAPITest -->
